\BOOKMARK [0][-]{chapter*.2}{Avant-propos}{}% 1
\BOOKMARK [0][-]{chapter*.3}{Introduction}{}% 2
\BOOKMARK [1][-]{section*.4}{D\351finition}{chapter*.3}% 3
\BOOKMARK [0][-]{chapter.1}{Installation}{}% 4
\BOOKMARK [1][-]{section.1.1}{Logiciels n\351cessaires}{chapter.1}% 5
\BOOKMARK [1][-]{section.1.2}{Proc\351dure d\220installation sous Debian}{chapter.1}% 6
\BOOKMARK [0][-]{chapter.2}{Configuration}{}% 7
\BOOKMARK [1][-]{section.2.1}{PostgreSQL}{chapter.2}% 8
\BOOKMARK [1][-]{section.2.2}{Apache / DAViCal}{chapter.2}% 9
\BOOKMARK [1][-]{section.2.3}{AgenDAV / GaliDAV}{chapter.2}% 10
\BOOKMARK [1][-]{section.2.4}{Documentations externes}{chapter.2}% 11
\BOOKMARK [0][-]{chapter.3}{Utilisation}{}% 12
\BOOKMARK [1][-]{section.3.1}{Ajouter une mati\350re}{chapter.3}% 13
\BOOKMARK [1][-]{section.3.2}{Modifier une mati\350re}{chapter.3}% 14
\BOOKMARK [1][-]{section.3.3}{\253 Partager \273 une mati\350re}{chapter.3}% 15
\BOOKMARK [1][-]{section.3.4}{Supprimer une mati\350re}{chapter.3}% 16
\BOOKMARK [1][-]{section.3.5}{Ajouter un cours, un TD, un TP\203}{chapter.3}% 17
\BOOKMARK [1][-]{section.3.6}{Modifier un cours, un TD, un TP\203}{chapter.3}% 18
\BOOKMARK [1][-]{section.3.7}{Supprimer un cours, un TD, un TP\203}{chapter.3}% 19
\BOOKMARK [1][-]{section.3.8}{Modifier l\220affichage}{chapter.3}% 20
\BOOKMARK [1][-]{section.3.9}{Naviguer dans le calendrier}{chapter.3}% 21
\BOOKMARK [1][-]{section.3.10}{Pr\351f\351rences}{chapter.3}% 22
